<?xml version="1.0" encoding="UTF-8"?>
<!-- Generated by org.testng.reporters.JUnitXMLReporter -->
<testsuite hostname="SAMADVAITHA" ignored="0" name="Test" tests="3" failures="1" timestamp="08 May 2020 03:53:34 GMT" time="20.801" errors="0">
  <testcase name="testPassed" time="0.019" classname="com.qa.webDotCom.extentreports.BasePage"/>
  <testcase name="testSkipped" time="0.006" classname="com.qa.webDotCom.extentreports.BasePage">
    <skipped/>
  </testcase> <!-- testSkipped -->
  <testcase name="testFailed" time="0.004" classname="com.qa.webDotCom.extentreports.BasePage">
    <failure type="java.lang.AssertionError" message="null">
      <![CDATA[java.lang.AssertionError: null
at com.qa.webDotCom.extentreports.BasePage.testFailed(BasePage.java:44)
... Removed 27 stack frames]]>
    </failure>
  </testcase> <!-- testFailed -->
</testsuite> <!-- Test -->
